# lattice-best-path --lm-scale=11 --word-symbol-table=exp/tri1/graph/words.txt "ark:gunzip -c exp/tri1/decode/lat.*.gz|" ark,t:exp/tri1/decode/scoring/11.tra 
# Started at Sat Jul  8 13:38:19 +04 2023
#
lattice-best-path --lm-scale=11 --word-symbol-table=exp/tri1/graph/words.txt 'ark:gunzip -c exp/tri1/decode/lat.*.gz|' ark,t:exp/tri1/decode/scoring/11.tra 
LOG (lattice-best-path[5.5.1074~1-71f3]:main():lattice-best-path.cc:99) For utterance 10F01, best cost 74.5745 + 7260.09 = 7334.66 over 62 frames.
10F01 առաջին 
LOG (lattice-best-path[5.5.1074~1-71f3]:main():lattice-best-path.cc:99) For utterance 10F02, best cost 59.6919 + 3334.91 = 3394.6 over 29 frames.
10F02 երկու 
LOG (lattice-best-path[5.5.1074~1-71f3]:main():lattice-best-path.cc:99) For utterance 10F03, best cost 78.4209 + 9405.91 = 9484.33 over 98 frames.
10F03 համար 
LOG (lattice-best-path[5.5.1074~1-71f3]:main():lattice-best-path.cc:99) For utterance 10F04, best cost 69.4627 + 7159.14 = 7228.61 over 58 frames.
10F04 ժամանակ 
LOG (lattice-best-path[5.5.1074~1-71f3]:main():lattice-best-path.cc:99) For utterance 10F05, best cost 83.9178 + 10440.9 = 10524.8 over 86 frames.
10F05 ժամանակ 
LOG (lattice-best-path[5.5.1074~1-71f3]:main():lattice-best-path.cc:99) For utterance 11M01, best cost 60.8772 + 3247.5 = 3308.38 over 28 frames.
11M01 առաջին 
LOG (lattice-best-path[5.5.1074~1-71f3]:main():lattice-best-path.cc:99) For utterance 11M02, best cost 65.579 + 4420.26 = 4485.84 over 37 frames.
11M02 երկու 
LOG (lattice-best-path[5.5.1074~1-71f3]:main():lattice-best-path.cc:99) For utterance 11M03, best cost 79.1337 + 12282.6 = 12361.7 over 124 frames.
11M03 համար 
LOG (lattice-best-path[5.5.1074~1-71f3]:main():lattice-best-path.cc:99) For utterance 11M04, best cost 79.9747 + 7385.18 = 7465.15 over 66 frames.
11M04 հիմնական 
LOG (lattice-best-path[5.5.1074~1-71f3]:main():lattice-best-path.cc:99) For utterance 11M05, best cost 76.1554 + 7566.19 = 7642.35 over 61 frames.
11M05 ժամանակ 
LOG (lattice-best-path[5.5.1074~1-71f3]:main():lattice-best-path.cc:124) Overall cost per frame is 112.836 = 1.1214 [graph] + 111.714 [acoustic] over 649 frames.
LOG (lattice-best-path[5.5.1074~1-71f3]:main():lattice-best-path.cc:128) Done 10 lattices, failed for 0
# Accounting: time=0 threads=1
# Ended (code 0) at Sat Jul  8 13:38:19 +04 2023, elapsed time 0 seconds
