# lattice-best-path --lm-scale=9 --word-symbol-table=exp/tri1/graph/words.txt "ark:gunzip -c exp/tri1/decode/lat.*.gz|" ark,t:exp/tri1/decode/scoring/9.tra 
# Started at Sat Jul  8 13:38:19 +04 2023
#
lattice-best-path --lm-scale=9 --word-symbol-table=exp/tri1/graph/words.txt 'ark:gunzip -c exp/tri1/decode/lat.*.gz|' ark,t:exp/tri1/decode/scoring/9.tra 
LOG (lattice-best-path[5.5.1074~1-71f3]:main():lattice-best-path.cc:99) For utterance 10F01, best cost 61.0155 + 7260.09 = 7321.1 over 62 frames.
10F01 առաջին 
LOG (lattice-best-path[5.5.1074~1-71f3]:main():lattice-best-path.cc:99) For utterance 10F02, best cost 48.8388 + 3334.91 = 3383.75 over 29 frames.
10F02 երկու 
LOG (lattice-best-path[5.5.1074~1-71f3]:main():lattice-best-path.cc:99) For utterance 10F03, best cost 64.1626 + 9405.91 = 9470.07 over 98 frames.
10F03 համար 
LOG (lattice-best-path[5.5.1074~1-71f3]:main():lattice-best-path.cc:99) For utterance 10F04, best cost 56.8331 + 7159.14 = 7215.98 over 58 frames.
10F04 ժամանակ 
LOG (lattice-best-path[5.5.1074~1-71f3]:main():lattice-best-path.cc:99) For utterance 10F05, best cost 68.66 + 10440.9 = 10509.6 over 86 frames.
10F05 ժամանակ 
LOG (lattice-best-path[5.5.1074~1-71f3]:main():lattice-best-path.cc:99) For utterance 11M01, best cost 49.8086 + 3247.5 = 3297.31 over 28 frames.
11M01 առաջին 
LOG (lattice-best-path[5.5.1074~1-71f3]:main():lattice-best-path.cc:99) For utterance 11M02, best cost 53.6555 + 4420.26 = 4473.91 over 37 frames.
11M02 երկու 
LOG (lattice-best-path[5.5.1074~1-71f3]:main():lattice-best-path.cc:99) For utterance 11M03, best cost 64.7458 + 12282.6 = 12347.3 over 124 frames.
11M03 համար 
LOG (lattice-best-path[5.5.1074~1-71f3]:main():lattice-best-path.cc:99) For utterance 11M04, best cost 65.4339 + 7385.18 = 7450.61 over 66 frames.
11M04 հիմնական 
LOG (lattice-best-path[5.5.1074~1-71f3]:main():lattice-best-path.cc:99) For utterance 11M05, best cost 62.309 + 7566.19 = 7628.5 over 61 frames.
11M05 ժամանակ 
LOG (lattice-best-path[5.5.1074~1-71f3]:main():lattice-best-path.cc:124) Overall cost per frame is 112.632 = 0.917508 [graph] + 111.714 [acoustic] over 649 frames.
LOG (lattice-best-path[5.5.1074~1-71f3]:main():lattice-best-path.cc:128) Done 10 lattices, failed for 0
# Accounting: time=0 threads=1
# Ended (code 0) at Sat Jul  8 13:38:19 +04 2023, elapsed time 0 seconds
