# gunzip -c exp/mono/decode/depth_tmp.*.gz | steps/diagnostic/analyze_lattice_depth_stats.py exp/mono/graph exp/mono/decode/ali_frame_tmp.gz 
# Started at Sat Jul  8 13:38:15 +04 2023
#
The total amount of data analyzed assuming 100 frames per second is 0.0 hours
Overall, lattice depth (10,50,90-percentile)=(1,1,2) and mean=1.2
Nonsilence phones as a group account for 91.5% of frames, with lattice depth (10,50,90-percentile)=(1,1,2) and mean=1.2
Phone ր_E accounts for 18.6% of frames, with lattice depth (10,50,90-percentile)=(1,1,1) and mean=1.0
Phone մ_I accounts for 9.7% of frames, with lattice depth (10,50,90-percentile)=(1,2,2) and mean=1.8
Phone հա_B accounts for 8.8% of frames, with lattice depth (10,50,90-percentile)=(1,1,1) and mean=1.0
Phone sil accounts for 8.5% of frames, with lattice depth (10,50,90-percentile)=(1,1,2) and mean=1.3
Phone ա_I accounts for 8.2% of frames, with lattice depth (10,50,90-percentile)=(1,1,2) and mean=1.4
Phone ն_I accounts for 6.6% of frames, with lattice depth (10,50,90-percentile)=(1,2,2) and mean=1.5
Phone կ_E accounts for 5.2% of frames, with lattice depth (10,50,90-percentile)=(1,2,2) and mean=1.5
Phone ի_I accounts for 4.8% of frames, with lattice depth (10,50,90-percentile)=(1,1,2) and mean=1.3
Phone է_I accounts for 3.5% of frames, with lattice depth (10,50,90-percentile)=(1,1,1) and mean=1.0
Phone մա_I accounts for 3.5% of frames, with lattice depth (10,50,90-percentile)=(1,1,1) and mean=1.0
Phone ան_E accounts for 3.2% of frames, with lattice depth (10,50,90-percentile)=(1,1,1) and mean=1.1
Phone ջ_I accounts for 3.1% of frames, with lattice depth (10,50,90-percentile)=(1,1,1) and mean=1.0
Phone ա_B accounts for 2.8% of frames, with lattice depth (10,50,90-percentile)=(1,1,1) and mean=1.0
Phone ռ_I accounts for 2.6% of frames, with lattice depth (10,50,90-percentile)=(1,1,1) and mean=1.0
Phone կ_I accounts for 2.3% of frames, with lattice depth (10,50,90-percentile)=(1,1,2) and mean=1.2
Phone ու_E accounts for 2.2% of frames, with lattice depth (10,50,90-percentile)=(1,1,1) and mean=1.0
Phone յ_B accounts for 1.8% of frames, with lattice depth (10,50,90-percentile)=(1,1,1) and mean=1.0
Phone հ_B accounts for 1.4% of frames, with lattice depth (10,50,90-percentile)=(1,1,2) and mean=1.3
Phone ժ_B accounts for 1.2% of frames, with lattice depth (10,50,90-percentile)=(1,1,2) and mean=1.4
Phone ն_E accounts for 0.9% of frames, with lattice depth (10,50,90-percentile)=(1,1,1) and mean=1.0
Phone ր_I accounts for 0.9% of frames, with lattice depth (10,50,90-percentile)=(1,1,1) and mean=1.0
# Accounting: time=0 threads=1
# Ended (code 0) at Sat Jul  8 13:38:15 +04 2023, elapsed time 0 seconds
