# lattice-best-path --lm-scale=9 --word-symbol-table=exp/mono/graph/words.txt "ark:gunzip -c exp/mono/decode/lat.*.gz|" ark,t:exp/mono/decode/scoring/9.tra 
# Started at Sat Jul  8 13:38:15 +04 2023
#
lattice-best-path --lm-scale=9 --word-symbol-table=exp/mono/graph/words.txt 'ark:gunzip -c exp/mono/decode/lat.*.gz|' ark,t:exp/mono/decode/scoring/9.tra 
LOG (lattice-best-path[5.5.1074~1-71f3]:main():lattice-best-path.cc:99) For utterance 10F01, best cost 75.8845 + 7131.36 = 7207.24 over 62 frames.
10F01 առաջին 
LOG (lattice-best-path[5.5.1074~1-71f3]:main():lattice-best-path.cc:99) For utterance 10F02, best cost 53.4727 + 3372.87 = 3426.34 over 29 frames.
10F02 երկու 
LOG (lattice-best-path[5.5.1074~1-71f3]:main():lattice-best-path.cc:99) For utterance 10F03, best cost 72.403 + 9414.23 = 9486.63 over 98 frames.
10F03 համար 
LOG (lattice-best-path[5.5.1074~1-71f3]:main():lattice-best-path.cc:99) For utterance 10F04, best cost 73.6324 + 6877.75 = 6951.38 over 58 frames.
10F04 հիմնական 
LOG (lattice-best-path[5.5.1074~1-71f3]:main():lattice-best-path.cc:99) For utterance 10F05, best cost 88.5283 + 10203.2 = 10291.7 over 86 frames.
10F05 ժամանակ 
LOG (lattice-best-path[5.5.1074~1-71f3]:main():lattice-best-path.cc:99) For utterance 11M01, best cost 56.2455 + 3282.03 = 3338.27 over 28 frames.
11M01 առաջին 
LOG (lattice-best-path[5.5.1074~1-71f3]:main():lattice-best-path.cc:99) For utterance 11M02, best cost 60.7827 + 4342.93 = 4403.71 over 37 frames.
11M02 երկու 
LOG (lattice-best-path[5.5.1074~1-71f3]:main():lattice-best-path.cc:99) For utterance 11M03, best cost 71.2095 + 12144.4 = 12215.6 over 124 frames.
11M03 համար 
LOG (lattice-best-path[5.5.1074~1-71f3]:main():lattice-best-path.cc:99) For utterance 11M04, best cost 79.4625 + 7329.92 = 7409.38 over 66 frames.
11M04 հիմնական 
LOG (lattice-best-path[5.5.1074~1-71f3]:main():lattice-best-path.cc:99) For utterance 11M05, best cost 78.1459 + 7354.01 = 7432.15 over 61 frames.
11M05 ժամանակ 
LOG (lattice-best-path[5.5.1074~1-71f3]:main():lattice-best-path.cc:124) Overall cost per frame is 111.19 = 1.09363 [graph] + 110.097 [acoustic] over 649 frames.
LOG (lattice-best-path[5.5.1074~1-71f3]:main():lattice-best-path.cc:128) Done 10 lattices, failed for 0
# Accounting: time=0 threads=1
# Ended (code 0) at Sat Jul  8 13:38:15 +04 2023, elapsed time 0 seconds
