# lattice-best-path --lm-scale=7 --word-symbol-table=exp/mono/graph/words.txt "ark:gunzip -c exp/mono/decode/lat.*.gz|" ark,t:exp/mono/decode/scoring/7.tra 
# Started at Sat Jul  8 13:38:15 +04 2023
#
lattice-best-path --lm-scale=7 --word-symbol-table=exp/mono/graph/words.txt 'ark:gunzip -c exp/mono/decode/lat.*.gz|' ark,t:exp/mono/decode/scoring/7.tra 
LOG (lattice-best-path[5.5.1074~1-71f3]:main():lattice-best-path.cc:99) For utterance 10F01, best cost 59.0213 + 7131.36 = 7190.38 over 62 frames.
10F01 առաջին 
LOG (lattice-best-path[5.5.1074~1-71f3]:main():lattice-best-path.cc:99) For utterance 10F02, best cost 41.5899 + 3372.87 = 3414.46 over 29 frames.
10F02 երկու 
LOG (lattice-best-path[5.5.1074~1-71f3]:main():lattice-best-path.cc:99) For utterance 10F03, best cost 56.3134 + 9414.23 = 9470.54 over 98 frames.
10F03 համար 
LOG (lattice-best-path[5.5.1074~1-71f3]:main():lattice-best-path.cc:99) For utterance 10F04, best cost 57.2696 + 6877.75 = 6935.02 over 58 frames.
10F04 հիմնական 
LOG (lattice-best-path[5.5.1074~1-71f3]:main():lattice-best-path.cc:99) For utterance 10F05, best cost 68.8554 + 10203.2 = 10272 over 86 frames.
10F05 ժամանակ 
LOG (lattice-best-path[5.5.1074~1-71f3]:main():lattice-best-path.cc:99) For utterance 11M01, best cost 43.7465 + 3282.03 = 3325.78 over 28 frames.
11M01 առաջին 
LOG (lattice-best-path[5.5.1074~1-71f3]:main():lattice-best-path.cc:99) For utterance 11M02, best cost 47.2755 + 4342.93 = 4390.21 over 37 frames.
11M02 երկու 
LOG (lattice-best-path[5.5.1074~1-71f3]:main():lattice-best-path.cc:99) For utterance 11M03, best cost 55.3851 + 12144.4 = 12199.8 over 124 frames.
11M03 համար 
LOG (lattice-best-path[5.5.1074~1-71f3]:main():lattice-best-path.cc:99) For utterance 11M04, best cost 61.8042 + 7329.92 = 7391.72 over 66 frames.
11M04 հիմնական 
LOG (lattice-best-path[5.5.1074~1-71f3]:main():lattice-best-path.cc:99) For utterance 11M05, best cost 60.7801 + 7354.01 = 7414.79 over 61 frames.
11M05 ժամանակ 
LOG (lattice-best-path[5.5.1074~1-71f3]:main():lattice-best-path.cc:124) Overall cost per frame is 110.947 = 0.850603 [graph] + 110.097 [acoustic] over 649 frames.
LOG (lattice-best-path[5.5.1074~1-71f3]:main():lattice-best-path.cc:128) Done 10 lattices, failed for 0
# Accounting: time=0 threads=1
# Ended (code 0) at Sat Jul  8 13:38:15 +04 2023, elapsed time 0 seconds
