# lattice-best-path --lm-scale=17 --word-symbol-table=exp/mono/graph/words.txt "ark:gunzip -c exp/mono/decode/lat.*.gz|" ark,t:exp/mono/decode/scoring/17.tra 
# Started at Sat Jul  8 13:38:15 +04 2023
#
lattice-best-path --lm-scale=17 --word-symbol-table=exp/mono/graph/words.txt 'ark:gunzip -c exp/mono/decode/lat.*.gz|' ark,t:exp/mono/decode/scoring/17.tra 
LOG (lattice-best-path[5.5.1074~1-71f3]:main():lattice-best-path.cc:99) For utterance 10F01, best cost 143.337 + 7131.36 = 7274.7 over 62 frames.
10F01 առաջին 
LOG (lattice-best-path[5.5.1074~1-71f3]:main():lattice-best-path.cc:99) For utterance 10F02, best cost 101.004 + 3372.87 = 3473.87 over 29 frames.
10F02 երկու 
LOG (lattice-best-path[5.5.1074~1-71f3]:main():lattice-best-path.cc:99) For utterance 10F03, best cost 136.761 + 9414.23 = 9550.99 over 98 frames.
10F03 համար 
LOG (lattice-best-path[5.5.1074~1-71f3]:main():lattice-best-path.cc:99) For utterance 10F04, best cost 139.083 + 6877.75 = 7016.83 over 58 frames.
10F04 հիմնական 
LOG (lattice-best-path[5.5.1074~1-71f3]:main():lattice-best-path.cc:99) For utterance 10F05, best cost 167.22 + 10203.2 = 10370.4 over 86 frames.
10F05 ժամանակ 
LOG (lattice-best-path[5.5.1074~1-71f3]:main():lattice-best-path.cc:99) For utterance 11M01, best cost 106.241 + 3282.03 = 3388.27 over 28 frames.
11M01 առաջին 
LOG (lattice-best-path[5.5.1074~1-71f3]:main():lattice-best-path.cc:99) For utterance 11M02, best cost 114.812 + 4342.93 = 4457.74 over 37 frames.
11M02 երկու 
LOG (lattice-best-path[5.5.1074~1-71f3]:main():lattice-best-path.cc:99) For utterance 11M03, best cost 134.507 + 12144.4 = 12278.9 over 124 frames.
11M03 համար 
LOG (lattice-best-path[5.5.1074~1-71f3]:main():lattice-best-path.cc:99) For utterance 11M04, best cost 150.096 + 7329.92 = 7480.01 over 66 frames.
11M04 հիմնական 
LOG (lattice-best-path[5.5.1074~1-71f3]:main():lattice-best-path.cc:99) For utterance 11M05, best cost 147.609 + 7354.01 = 7501.61 over 61 frames.
11M05 ժամանակ 
LOG (lattice-best-path[5.5.1074~1-71f3]:main():lattice-best-path.cc:124) Overall cost per frame is 112.162 = 2.06575 [graph] + 110.097 [acoustic] over 649 frames.
LOG (lattice-best-path[5.5.1074~1-71f3]:main():lattice-best-path.cc:128) Done 10 lattices, failed for 0
# Accounting: time=0 threads=1
# Ended (code 0) at Sat Jul  8 13:38:15 +04 2023, elapsed time 0 seconds
