# gunzip -c exp/tri1/decode/depth_tmp.*.gz | steps/diagnostic/analyze_lattice_depth_stats.py exp/tri1/graph exp/tri1/decode/ali_frame_tmp.gz 
# Started at Sat Jul  8 13:38:19 +04 2023
#
The total amount of data analyzed assuming 100 frames per second is 0.0 hours
Overall, lattice depth (10,50,90-percentile)=(1,1,2) and mean=1.1
Nonsilence phones as a group account for 89.1% of frames, with lattice depth (10,50,90-percentile)=(1,1,2) and mean=1.1
Phone ր_E accounts for 18.8% of frames, with lattice depth (10,50,90-percentile)=(1,1,1) and mean=1.0
Phone ա_I accounts for 11.4% of frames, with lattice depth (10,50,90-percentile)=(1,1,2) and mean=1.4
Phone sil accounts for 10.9% of frames, with lattice depth (10,50,90-percentile)=(1,1,2) and mean=1.2
Phone կ_E accounts for 9.7% of frames, with lattice depth (10,50,90-percentile)=(1,1,2) and mean=1.4
Phone հա_B accounts for 7.7% of frames, with lattice depth (10,50,90-percentile)=(1,1,1) and mean=1.0
Phone ն_I accounts for 6.0% of frames, with lattice depth (10,50,90-percentile)=(1,1,2) and mean=1.2
Phone մ_I accounts for 3.9% of frames, with lattice depth (10,50,90-percentile)=(1,1,2) and mean=1.2
Phone է_I accounts for 3.4% of frames, with lattice depth (10,50,90-percentile)=(1,1,1) and mean=1.0
Phone ժ_B accounts for 3.4% of frames, with lattice depth (10,50,90-percentile)=(1,1,2) and mean=1.4
Phone մա_I accounts for 3.4% of frames, with lattice depth (10,50,90-percentile)=(1,1,1) and mean=1.0
Phone ջ_I accounts for 3.1% of frames, with lattice depth (10,50,90-percentile)=(1,1,1) and mean=1.0
Phone ա_B accounts for 2.9% of frames, with lattice depth (10,50,90-percentile)=(1,1,1) and mean=1.0
Phone ի_I accounts for 2.8% of frames, with lattice depth (10,50,90-percentile)=(1,1,1) and mean=1.0
Phone ռ_I accounts for 2.2% of frames, with lattice depth (10,50,90-percentile)=(1,1,1) and mean=1.0
Phone կ_I accounts for 2.2% of frames, with lattice depth (10,50,90-percentile)=(1,1,1) and mean=1.0
Phone ան_E accounts for 2.2% of frames, with lattice depth (10,50,90-percentile)=(1,1,1) and mean=1.0
Phone ու_E accounts for 1.8% of frames, with lattice depth (10,50,90-percentile)=(1,1,1) and mean=1.0
Phone յ_B accounts for 1.5% of frames, with lattice depth (10,50,90-percentile)=(1,1,1) and mean=1.0
Phone ն_E accounts for 0.9% of frames, with lattice depth (10,50,90-percentile)=(1,1,1) and mean=1.0
Phone ր_I accounts for 0.9% of frames, with lattice depth (10,50,90-percentile)=(1,1,1) and mean=1.0
Phone հ_B accounts for 0.9% of frames, with lattice depth (10,50,90-percentile)=(1,1,1) and mean=1.0
# Accounting: time=0 threads=1
# Ended (code 0) at Sat Jul  8 13:38:19 +04 2023, elapsed time 0 seconds
