# gmm-est --mix-up=3800 --power=0.25 --write-occs=exp/tri1/7.occs exp/tri1/6.mdl "gmm-sum-accs - exp/tri1/6.*.acc |" exp/tri1/7.mdl 
# Started at Sat Jul  8 13:38:16 +04 2023
#
gmm-est --mix-up=3800 --power=0.25 --write-occs=exp/tri1/7.occs exp/tri1/6.mdl 'gmm-sum-accs - exp/tri1/6.*.acc |' exp/tri1/7.mdl 
gmm-sum-accs - exp/tri1/6.1.acc 
LOG (gmm-sum-accs[5.5.1074~1-71f3]:main():gmm-sum-accs.cc:63) Summed 1 stats, total count 2445, avg like/frame -103.964
LOG (gmm-sum-accs[5.5.1074~1-71f3]:main():gmm-sum-accs.cc:66) Total count of stats is 2445
LOG (gmm-sum-accs[5.5.1074~1-71f3]:main():gmm-sum-accs.cc:67) Written stats to -
LOG (gmm-est[5.5.1074~1-71f3]:MleUpdate():transition-model.cc:528) TransitionModel::Update, objf change is 0 per frame over 2445 frames. 
LOG (gmm-est[5.5.1074~1-71f3]:MleUpdate():transition-model.cc:531) 8 probabilities floored, 205 out of 270 transition-states skipped due to insuffient data (it is normal to have some skipped.)
LOG (gmm-est[5.5.1074~1-71f3]:main():gmm-est.cc:102) Transition model update: Overall 0 log-like improvement per frame over 2445 frames.
WARNING (gmm-est[5.5.1074~1-71f3]:MleDiagGmmUpdate():mle-diag-gmm.cc:359) Too little data - removing Gaussian (weight 0.063444, occupation count 8.374610, vector size 39)
WARNING (gmm-est[5.5.1074~1-71f3]:MleDiagGmmUpdate():mle-diag-gmm.cc:365) Gaussian has too little data but not removing it because it is the last Gaussian: i = 0, occ = 0, weight = 1
WARNING (gmm-est[5.5.1074~1-71f3]:MleDiagGmmUpdate():mle-diag-gmm.cc:359) Too little data - removing Gaussian (weight 0.103026, occupation count 9.272303, vector size 39)
LOG (gmm-est[5.5.1074~1-71f3]:MleAmDiagGmmUpdate():mle-am-diag-gmm.cc:225) 0 variance elements floored in 0 Gaussians, out of 108
LOG (gmm-est[5.5.1074~1-71f3]:MleAmDiagGmmUpdate():mle-am-diag-gmm.cc:229) Removed 2 Gaussians due to counts < --min-gaussian-occupancy=10 and --remove-low-count-gaussians=true
LOG (gmm-est[5.5.1074~1-71f3]:main():gmm-est.cc:113) GMM update: Overall 0.194125 objective function improvement per frame over 2445 frames
LOG (gmm-est[5.5.1074~1-71f3]:main():gmm-est.cc:116) GMM update: Overall avg like per frame = -103.964 over 2445 frames.
WARNING (gmm-est[5.5.1074~1-71f3]:GetSplitTargets():model-common.cc:134) Could not split up to 3800 due to min-count = 20 (or no counts at all)

LOG (gmm-est[5.5.1074~1-71f3]:SplitByCount():am-diag-gmm.cc:116) Split 24 states with target = 3800, power = 0.25, perturb_factor = 0.01 and min_count = 20, split #Gauss from 108 to 110
LOG (gmm-est[5.5.1074~1-71f3]:main():gmm-est.cc:146) Written model to exp/tri1/7.mdl
# Accounting: time=0 threads=1
# Ended (code 0) at Sat Jul  8 13:38:16 +04 2023, elapsed time 0 seconds
